c:\users\user\documents\zalo received files\tram bus\opengl\debug\vc143.pdb
c:\users\user\documents\zalo received files\tram bus\opengl\debug\vc143.idb
c:\users\user\documents\zalo received files\tram bus\opengl\debug\main.obj
c:\users\user\documents\zalo received files\tram bus\opengl\debug\initshader.obj
c:\users\user\documents\zalo received files\tram bus\debug\opengl.exe
c:\users\user\documents\zalo received files\tram bus\opengl\debug\opengl.ilk
c:\users\user\documents\zalo received files\tram bus\debug\opengl.pdb
c:\users\thanhnv\downloads\nhóm 4\tram bus\opengl\debug\initshader.obj
c:\users\thanhnv\downloads\nhóm 4\tram bus\opengl\debug\main.obj
c:\users\thanhnv\downloads\nhóm 4\tram bus\opengl\debug\omega.obj
c:\users\thanhnv\downloads\nhóm 4\tram bus\opengl\debug\temp1.obj
c:\users\thanhnv\downloads\nhóm 4\tram bus\opengl\debug\main.obj.enc
c:\users\thanhnv\downloads\nhóm 4\tram bus\opengl\debug\opengl.ilk
c:\users\thanhnv\downloads\nhóm 4\tram bus\opengl\debug\vc140.idb
c:\users\thanhnv\downloads\nhóm 4\tram bus\opengl\debug\vc141.idb
c:\users\thanhnv\downloads\nhóm 4\tram bus\opengl\debug\vc142.idb
c:\users\thanhnv\downloads\nhóm 4\tram bus\opengl\debug\vc143.idb
c:\users\thanhnv\downloads\nhóm 4\tram bus\opengl\debug\vc140.pdb
c:\users\thanhnv\downloads\nhóm 4\tram bus\opengl\debug\vc141.pdb
c:\users\thanhnv\downloads\nhóm 4\tram bus\opengl\debug\vc142.pdb
c:\users\thanhnv\downloads\nhóm 4\tram bus\opengl\debug\vc143.pdb
c:\users\thanhnv\downloads\nhóm 4\tram bus\debug\opengl.pdb
c:\users\thanhnv\downloads\nhóm 4\tram bus\debug\opengl.exe
c:\users\thanhnv\downloads\nhóm 4\tram bus\debug\opengl.ilk
c:\users\thanhnv\downloads\nhóm 4\tram bus\opengl\debug\opengl.tlog\cl.command.1.tlog
c:\users\thanhnv\downloads\nhóm 4\tram bus\opengl\debug\opengl.tlog\cl.items.tlog
c:\users\thanhnv\downloads\nhóm 4\tram bus\opengl\debug\opengl.tlog\cl.read.1.tlog
c:\users\thanhnv\downloads\nhóm 4\tram bus\opengl\debug\opengl.tlog\cl.write.1.tlog
c:\users\thanhnv\downloads\nhóm 4\tram bus\opengl\debug\opengl.tlog\link.command.1.tlog
c:\users\thanhnv\downloads\nhóm 4\tram bus\opengl\debug\opengl.tlog\link.read.1.tlog
c:\users\thanhnv\downloads\nhóm 4\tram bus\opengl\debug\opengl.tlog\link.write.1.tlog
