  InitShader.cpp
  main.cpp
C:\nguyenduylam\OpenGL\main.cpp(47,25): warning C4305: 'argument': truncation from 'double' to 'const float'
C:\nguyenduylam\OpenGL\main.cpp(54,32): warning C4305: 'argument': truncation from 'double' to 'GLfloat'
C:\nguyenduylam\OpenGL\main.cpp(54,27): warning C4305: 'argument': truncation from 'double' to 'GLfloat'
C:\nguyenduylam\OpenGL\main.cpp(54,22): warning C4305: 'argument': truncation from 'double' to 'GLfloat'
C:\nguyenduylam\OpenGL\main.cpp(59,30): warning C4305: 'argument': truncation from 'double' to 'GLfloat'
C:\nguyenduylam\OpenGL\main.cpp(60,31): warning C4305: 'argument': truncation from 'double' to 'GLfloat'
C:\nguyenduylam\OpenGL\main.cpp(170,25): warning C4305: 'argument': truncation from 'double' to 'GLclampf'
C:\nguyenduylam\OpenGL\main.cpp(170,20): warning C4305: 'argument': truncation from 'double' to 'GLclampf'
C:\nguyenduylam\OpenGL\main.cpp(170,15): warning C4305: 'argument': truncation from 'double' to 'GLclampf'
C:\nguyenduylam\OpenGL\main.cpp(189,36): warning C4305: 'argument': truncation from 'double' to 'GLfloat'
C:\nguyenduylam\OpenGL\main.cpp(189,26): warning C4305: 'argument': truncation from 'double' to 'GLfloat'
C:\nguyenduylam\OpenGL\main.cpp(192,22): warning C4305: 'argument': truncation from 'double' to 'const GLfloat'
C:\nguyenduylam\OpenGL\main.cpp(192,46): warning C4305: 'argument': truncation from 'double' to 'const GLfloat'
C:\nguyenduylam\OpenGL\main.cpp(212,39): warning C4305: 'argument': truncation from 'double' to 'const GLfloat'
C:\nguyenduylam\OpenGL\main.cpp(212,34): warning C4305: 'argument': truncation from 'double' to 'const GLfloat'
C:\nguyenduylam\OpenGL\main.cpp(223,17): warning C4305: 'argument': truncation from 'double' to 'const GLfloat'
C:\nguyenduylam\OpenGL\main.cpp(223,53): warning C4305: 'argument': truncation from 'double' to 'const GLfloat'
C:\nguyenduylam\OpenGL\main.cpp(223,47): warning C4305: 'argument': truncation from 'double' to 'const GLfloat'
C:\nguyenduylam\OpenGL\main.cpp(228,11): warning C4244: 'argument': conversion from 'double' to 'GLfloat', possible loss of data
C:\nguyenduylam\OpenGL\main.cpp(245,28): warning C4305: 'argument': truncation from 'double' to 'const GLfloat'
C:\nguyenduylam\OpenGL\main.cpp(245,22): warning C4305: 'argument': truncation from 'double' to 'const GLfloat'
C:\nguyenduylam\OpenGL\main.cpp(245,42): warning C4305: 'argument': truncation from 'double' to 'const GLfloat'
C:\nguyenduylam\OpenGL\main.cpp(251,57): warning C4305: 'argument': truncation from 'double' to 'const GLfloat'
C:\nguyenduylam\OpenGL\main.cpp(251,52): warning C4305: 'argument': truncation from 'double' to 'const GLfloat'
C:\nguyenduylam\OpenGL\main.cpp(251,47): warning C4305: 'argument': truncation from 'double' to 'const GLfloat'
C:\nguyenduylam\OpenGL\main.cpp(260,59): warning C4305: 'argument': truncation from 'double' to 'const GLfloat'
C:\nguyenduylam\OpenGL\main.cpp(260,53): warning C4305: 'argument': truncation from 'double' to 'const GLfloat'
C:\nguyenduylam\OpenGL\main.cpp(260,47): warning C4305: 'argument': truncation from 'double' to 'const GLfloat'
C:\nguyenduylam\OpenGL\main.cpp(261,29): warning C4305: 'argument': truncation from 'double' to 'GLfloat'
C:\nguyenduylam\OpenGL\main.cpp(271,29): warning C4305: 'argument': truncation from 'double' to 'const GLfloat'
C:\nguyenduylam\OpenGL\main.cpp(271,22): warning C4305: 'argument': truncation from 'double' to 'const GLfloat'
C:\nguyenduylam\OpenGL\main.cpp(271,17): warning C4305: 'argument': truncation from 'double' to 'const GLfloat'
C:\nguyenduylam\OpenGL\main.cpp(271,55): warning C4305: 'argument': truncation from 'double' to 'const GLfloat'
C:\nguyenduylam\OpenGL\main.cpp(271,44): warning C4305: 'argument': truncation from 'double' to 'const GLfloat'
C:\nguyenduylam\OpenGL\main.cpp(279,29): warning C4305: 'argument': truncation from 'double' to 'const GLfloat'
C:\nguyenduylam\OpenGL\main.cpp(279,22): warning C4305: 'argument': truncation from 'double' to 'const GLfloat'
C:\nguyenduylam\OpenGL\main.cpp(279,17): warning C4305: 'argument': truncation from 'double' to 'const GLfloat'
C:\nguyenduylam\OpenGL\main.cpp(279,55): warning C4305: 'argument': truncation from 'double' to 'const GLfloat'
C:\nguyenduylam\OpenGL\main.cpp(279,44): warning C4305: 'argument': truncation from 'double' to 'const GLfloat'
C:\nguyenduylam\OpenGL\main.cpp(287,23): warning C4305: 'argument': truncation from 'double' to 'const GLfloat'
C:\nguyenduylam\OpenGL\main.cpp(287,17): warning C4305: 'argument': truncation from 'double' to 'const GLfloat'
C:\nguyenduylam\OpenGL\main.cpp(287,53): warning C4305: 'argument': truncation from 'double' to 'const GLfloat'
C:\nguyenduylam\OpenGL\main.cpp(287,43): warning C4305: 'argument': truncation from 'double' to 'const GLfloat'
C:\nguyenduylam\OpenGL\main.cpp(295,29): warning C4305: 'argument': truncation from 'double' to 'const GLfloat'
C:\nguyenduylam\OpenGL\main.cpp(295,23): warning C4305: 'argument': truncation from 'double' to 'const GLfloat'
C:\nguyenduylam\OpenGL\main.cpp(295,17): warning C4305: 'argument': truncation from 'double' to 'const GLfloat'
C:\nguyenduylam\OpenGL\main.cpp(295,43): warning C4305: 'argument': truncation from 'double' to 'const GLfloat'
C:\nguyenduylam\OpenGL\main.cpp(303,30): warning C4305: 'argument': truncation from 'double' to 'const GLfloat'
C:\nguyenduylam\OpenGL\main.cpp(303,23): warning C4305: 'argument': truncation from 'double' to 'const GLfloat'
C:\nguyenduylam\OpenGL\main.cpp(303,17): warning C4305: 'argument': truncation from 'double' to 'const GLfloat'
C:\nguyenduylam\OpenGL\main.cpp(303,55): warning C4305: 'argument': truncation from 'double' to 'const GLfloat'
C:\nguyenduylam\OpenGL\main.cpp(303,45): warning C4305: 'argument': truncation from 'double' to 'const GLfloat'
C:\nguyenduylam\OpenGL\main.cpp(311,30): warning C4305: 'argument': truncation from 'double' to 'const GLfloat'
C:\nguyenduylam\OpenGL\main.cpp(311,17): warning C4305: 'argument': truncation from 'double' to 'const GLfloat'
C:\nguyenduylam\OpenGL\main.cpp(311,55): warning C4305: 'argument': truncation from 'double' to 'const GLfloat'
C:\nguyenduylam\OpenGL\main.cpp(311,50): warning C4305: 'argument': truncation from 'double' to 'const GLfloat'
C:\nguyenduylam\OpenGL\main.cpp(311,45): warning C4305: 'argument': truncation from 'double' to 'const GLfloat'
C:\nguyenduylam\OpenGL\main.cpp(319,30): warning C4305: 'argument': truncation from 'double' to 'const GLfloat'
C:\nguyenduylam\OpenGL\main.cpp(319,23): warning C4305: 'argument': truncation from 'double' to 'const GLfloat'
C:\nguyenduylam\OpenGL\main.cpp(319,17): warning C4305: 'argument': truncation from 'double' to 'const GLfloat'
C:\nguyenduylam\OpenGL\main.cpp(319,71): warning C4305: 'argument': truncation from 'double' to 'const GLfloat'
C:\nguyenduylam\OpenGL\main.cpp(319,65): warning C4305: 'argument': truncation from 'double' to 'const GLfloat'
C:\nguyenduylam\OpenGL\main.cpp(319,59): warning C4305: 'argument': truncation from 'double' to 'const GLfloat'
C:\nguyenduylam\OpenGL\main.cpp(327,28): warning C4305: 'argument': truncation from 'double' to 'const GLfloat'
C:\nguyenduylam\OpenGL\main.cpp(327,22): warning C4305: 'argument': truncation from 'double' to 'const GLfloat'
C:\nguyenduylam\OpenGL\main.cpp(327,47): warning C4305: 'argument': truncation from 'double' to 'const GLfloat'
C:\nguyenduylam\OpenGL\main.cpp(327,42): warning C4305: 'argument': truncation from 'double' to 'const GLfloat'
C:\nguyenduylam\OpenGL\main.cpp(333,44): warning C4305: 'argument': truncation from 'double' to 'const GLfloat'
C:\nguyenduylam\OpenGL\main.cpp(333,34): warning C4305: 'argument': truncation from 'double' to 'const GLfloat'
C:\nguyenduylam\OpenGL\main.cpp(344,29): warning C4305: 'argument': truncation from 'double' to 'const GLfloat'
C:\nguyenduylam\OpenGL\main.cpp(344,22): warning C4305: 'argument': truncation from 'double' to 'const GLfloat'
C:\nguyenduylam\OpenGL\main.cpp(344,17): warning C4305: 'argument': truncation from 'double' to 'const GLfloat'
C:\nguyenduylam\OpenGL\main.cpp(344,55): warning C4305: 'argument': truncation from 'double' to 'const GLfloat'
C:\nguyenduylam\OpenGL\main.cpp(344,44): warning C4305: 'argument': truncation from 'double' to 'const GLfloat'
C:\nguyenduylam\OpenGL\main.cpp(352,30): warning C4244: 'argument': conversion from 'int' to 'GLfloat', possible loss of data
C:\nguyenduylam\OpenGL\main.cpp(352,21): warning C4305: 'argument': truncation from 'double' to 'GLfloat'
C:\nguyenduylam\OpenGL\main.cpp(352,15): warning C4305: 'argument': truncation from 'double' to 'GLfloat'
C:\nguyenduylam\OpenGL\main.cpp(353,30): warning C4244: 'argument': conversion from 'int' to 'GLfloat', possible loss of data
C:\nguyenduylam\OpenGL\main.cpp(353,21): warning C4305: 'argument': truncation from 'double' to 'GLfloat'
C:\nguyenduylam\OpenGL\main.cpp(353,15): warning C4305: 'argument': truncation from 'double' to 'GLfloat'
C:\nguyenduylam\OpenGL\main.cpp(354,30): warning C4244: 'argument': conversion from 'int' to 'GLfloat', possible loss of data
C:\nguyenduylam\OpenGL\main.cpp(354,21): warning C4305: 'argument': truncation from 'double' to 'GLfloat'
C:\nguyenduylam\OpenGL\main.cpp(354,15): warning C4305: 'argument': truncation from 'double' to 'GLfloat'
C:\nguyenduylam\OpenGL\main.cpp(355,30): warning C4244: 'argument': conversion from 'int' to 'GLfloat', possible loss of data
C:\nguyenduylam\OpenGL\main.cpp(355,21): warning C4305: 'argument': truncation from 'double' to 'GLfloat'
C:\nguyenduylam\OpenGL\main.cpp(355,15): warning C4305: 'argument': truncation from 'double' to 'GLfloat'
C:\nguyenduylam\OpenGL\main.cpp(356,30): warning C4244: 'argument': conversion from 'int' to 'GLfloat', possible loss of data
C:\nguyenduylam\OpenGL\main.cpp(356,21): warning C4305: 'argument': truncation from 'double' to 'GLfloat'
C:\nguyenduylam\OpenGL\main.cpp(356,15): warning C4305: 'argument': truncation from 'double' to 'GLfloat'
C:\nguyenduylam\OpenGL\main.cpp(356,10): warning C4305: 'argument': truncation from 'double' to 'GLfloat'
C:\nguyenduylam\OpenGL\main.cpp(357,30): warning C4244: 'argument': conversion from 'int' to 'GLfloat', possible loss of data
C:\nguyenduylam\OpenGL\main.cpp(357,21): warning C4305: 'argument': truncation from 'double' to 'GLfloat'
C:\nguyenduylam\OpenGL\main.cpp(357,15): warning C4305: 'argument': truncation from 'double' to 'GLfloat'
C:\nguyenduylam\OpenGL\main.cpp(357,10): warning C4305: 'argument': truncation from 'double' to 'GLfloat'
C:\nguyenduylam\OpenGL\main.cpp(359,19): warning C4305: 'argument': truncation from 'double' to 'GLfloat'
C:\nguyenduylam\OpenGL\main.cpp(359,13): warning C4305: 'argument': truncation from 'double' to 'GLfloat'
C:\nguyenduylam\OpenGL\main.cpp(360,19): warning C4305: 'argument': truncation from 'double' to 'GLfloat'
C:\nguyenduylam\OpenGL\main.cpp(360,13): warning C4305: 'argument': truncation from 'double' to 'GLfloat'
C:\nguyenduylam\OpenGL\main.cpp(361,19): warning C4305: 'argument': truncation from 'double' to 'GLfloat'
C:\nguyenduylam\OpenGL\main.cpp(361,13): warning C4305: 'argument': truncation from 'double' to 'GLfloat'
C:\nguyenduylam\OpenGL\main.cpp(362,19): warning C4305: 'argument': truncation from 'double' to 'GLfloat'
C:\nguyenduylam\OpenGL\main.cpp(362,13): warning C4305: 'argument': truncation from 'double' to 'GLfloat'
C:\nguyenduylam\OpenGL\main.cpp(364,18): warning C4305: 'argument': truncation from 'double' to 'GLfloat'
C:\nguyenduylam\OpenGL\main.cpp(364,13): warning C4305: 'argument': truncation from 'double' to 'GLfloat'
C:\nguyenduylam\OpenGL\main.cpp(365,18): warning C4305: 'argument': truncation from 'double' to 'GLfloat'
C:\nguyenduylam\OpenGL\main.cpp(365,13): warning C4305: 'argument': truncation from 'double' to 'GLfloat'
C:\nguyenduylam\OpenGL\main.cpp(366,18): warning C4305: 'argument': truncation from 'double' to 'GLfloat'
C:\nguyenduylam\OpenGL\main.cpp(366,13): warning C4305: 'argument': truncation from 'double' to 'GLfloat'
C:\nguyenduylam\OpenGL\main.cpp(367,18): warning C4305: 'argument': truncation from 'double' to 'GLfloat'
C:\nguyenduylam\OpenGL\main.cpp(367,13): warning C4305: 'argument': truncation from 'double' to 'GLfloat'
C:\nguyenduylam\OpenGL\main.cpp(378,39): warning C4244: 'argument': conversion from 'double' to 'const GLfloat', possible loss of data
C:\nguyenduylam\OpenGL\main.cpp(378,26): warning C4305: 'argument': truncation from 'double' to 'const GLfloat'
C:\nguyenduylam\OpenGL\main.cpp(378,21): warning C4305: 'argument': truncation from 'double' to 'const GLfloat'
C:\nguyenduylam\OpenGL\main.cpp(378,94): warning C4244: 'argument': conversion from 'double' to 'const GLfloat', possible loss of data
C:\nguyenduylam\OpenGL\main.cpp(378,83): warning C4305: 'argument': truncation from 'double' to 'const GLfloat'
C:\nguyenduylam\OpenGL\main.cpp(378,77): warning C4305: 'argument': truncation from 'double' to 'const GLfloat'
  Generating Code...
  OpenGL.vcxproj -> C:\nguyenduylam\Debug\OpenGL.exe
